time->Mon Feb  6 13:26:53 2023
type=PROCTITLE msg=audit(1675718813.802:35194): proctitle=76696D004D6F646966794D652E747874
type=PATH msg=audit(1675718813.802:35194): item=1 name=".ModifyMe.txt.swp" inode=807372 dev=08:01 mode=0100600 ouid=1000 ogid=1000 rdev=00:00 nametype=CREATE cap_fp=0000000000000000 cap_fi=0000000000000000 cap_fe=0 cap_fver=0
type=PATH msg=audit(1675718813.802:35194): item=0 name="/home/izy/Documents/testing" inode=806192 dev=08:01 mode=040775 ouid=1000 ogid=1000 rdev=00:00 nametype=PARENT cap_fp=0000000000000000 cap_fi=0000000000000000 cap_fe=0 cap_fver=0
type=CWD msg=audit(1675718813.802:35194): cwd="/home/izy/Documents/testing"
type=SYSCALL msg=audit(1675718813.802:35194): arch=c000003e syscall=2 success=yes exit=4 a0=55e523955500 a1=c2 a2=180 a3=0 items=2 ppid=8720 pid=33741 auid=4294967295 uid=1000 gid=1000 euid=1000 suid=1000 fsuid=1000 egid=1000 sgid=1000 fsgid=1000 tty=pts19 ses=4294967295 comm="vim" exe="/usr/bin/vim.basic" key="File_test"
----
time->Mon Feb  6 13:26:53 2023
type=PROCTITLE msg=audit(1675718813.806:35195): proctitle=76696D004D6F646966794D652E747874
type=PATH msg=audit(1675718813.806:35195): item=1 name=".ModifyMe.txt.swx" inode=808111 dev=08:01 mode=0100600 ouid=1000 ogid=1000 rdev=00:00 nametype=CREATE cap_fp=0000000000000000 cap_fi=0000000000000000 cap_fe=0 cap_fver=0
type=PATH msg=audit(1675718813.806:35195): item=0 name="/home/izy/Documents/testing" inode=806192 dev=08:01 mode=040775 ouid=1000 ogid=1000 rdev=00:00 nametype=PARENT cap_fp=0000000000000000 cap_fi=0000000000000000 cap_fe=0 cap_fver=0
type=CWD msg=audit(1675718813.806:35195): cwd="/home/izy/Documents/testing"
type=SYSCALL msg=audit(1675718813.806:35195): arch=c000003e syscall=2 success=yes exit=5 a0=55e523766180 a1=c2 a2=180 a3=0 items=2 ppid=8720 pid=33741 auid=4294967295 uid=1000 gid=1000 euid=1000 suid=1000 fsuid=1000 egid=1000 sgid=1000 fsgid=1000 tty=pts19 ses=4294967295 comm="vim" exe="/usr/bin/vim.basic" key="File_test"
----
time->Mon Feb  6 13:26:53 2023
type=PROCTITLE msg=audit(1675718813.810:35196): proctitle=76696D004D6F646966794D652E747874
type=PATH msg=audit(1675718813.810:35196): item=1 name=".ModifyMe.txt.swx" inode=808111 dev=08:01 mode=0100600 ouid=1000 ogid=1000 rdev=00:00 nametype=DELETE cap_fp=0000000000000000 cap_fi=0000000000000000 cap_fe=0 cap_fver=0
type=PATH msg=audit(1675718813.810:35196): item=0 name="/home/izy/Documents/testing" inode=806192 dev=08:01 mode=040775 ouid=1000 ogid=1000 rdev=00:00 nametype=PARENT cap_fp=0000000000000000 cap_fi=0000000000000000 cap_fe=0 cap_fver=0
type=CWD msg=audit(1675718813.810:35196): cwd="/home/izy/Documents/testing"
type=SYSCALL msg=audit(1675718813.810:35196): arch=c000003e syscall=87 success=yes exit=0 a0=55e523766180 a1=7ffc13d48a30 a2=1 a3=0 items=2 ppid=8720 pid=33741 auid=4294967295 uid=1000 gid=1000 euid=1000 suid=1000 fsuid=1000 egid=1000 sgid=1000 fsgid=1000 tty=pts19 ses=4294967295 comm="vim" exe="/usr/bin/vim.basic" key="File_test"
----
time->Mon Feb  6 13:26:53 2023
type=PROCTITLE msg=audit(1675718813.810:35197): proctitle=76696D004D6F646966794D652E747874
type=PATH msg=audit(1675718813.810:35197): item=1 name=".ModifyMe.txt.swp" inode=807372 dev=08:01 mode=0100600 ouid=1000 ogid=1000 rdev=00:00 nametype=DELETE cap_fp=0000000000000000 cap_fi=0000000000000000 cap_fe=0 cap_fver=0
type=PATH msg=audit(1675718813.810:35197): item=0 name="/home/izy/Documents/testing" inode=806192 dev=08:01 mode=040775 ouid=1000 ogid=1000 rdev=00:00 nametype=PARENT cap_fp=0000000000000000 cap_fi=0000000000000000 cap_fe=0 cap_fver=0
type=CWD msg=audit(1675718813.810:35197): cwd="/home/izy/Documents/testing"
type=SYSCALL msg=audit(1675718813.810:35197): arch=c000003e syscall=87 success=yes exit=0 a0=55e523955500 a1=1 a2=1 a3=0 items=2 ppid=8720 pid=33741 auid=4294967295 uid=1000 gid=1000 euid=1000 suid=1000 fsuid=1000 egid=1000 sgid=1000 fsgid=1000 tty=pts19 ses=4294967295 comm="vim" exe="/usr/bin/vim.basic" key="File_test"
----
time->Mon Feb  6 13:26:53 2023
type=PROCTITLE msg=audit(1675718813.814:35198): proctitle=76696D004D6F646966794D652E747874
type=PATH msg=audit(1675718813.814:35198): item=1 name=".ModifyMe.txt.swp" inode=807372 dev=08:01 mode=0100600 ouid=1000 ogid=1000 rdev=00:00 nametype=CREATE cap_fp=0000000000000000 cap_fi=0000000000000000 cap_fe=0 cap_fver=0
type=PATH msg=audit(1675718813.814:35198): item=0 name="/home/izy/Documents/testing" inode=806192 dev=08:01 mode=040775 ouid=1000 ogid=1000 rdev=00:00 nametype=PARENT cap_fp=0000000000000000 cap_fi=0000000000000000 cap_fe=0 cap_fver=0
type=CWD msg=audit(1675718813.814:35198): cwd="/home/izy/Documents/testing"
type=SYSCALL msg=audit(1675718813.814:35198): arch=c000003e syscall=2 success=yes exit=4 a0=55e523955500 a1=200c2 a2=180 a3=7f8af35b1b78 items=2 ppid=8720 pid=33741 auid=4294967295 uid=1000 gid=1000 euid=1000 suid=1000 fsuid=1000 egid=1000 sgid=1000 fsgid=1000 tty=pts19 ses=4294967295 comm="vim" exe="/usr/bin/vim.basic" key="File_test"
----
time->Mon Feb  6 13:26:53 2023
type=PROCTITLE msg=audit(1675718813.814:35199): proctitle=76696D004D6F646966794D652E747874
type=PATH msg=audit(1675718813.814:35199): item=0 name=".ModifyMe.txt.swp" inode=807372 dev=08:01 mode=0100600 ouid=1000 ogid=1000 rdev=00:00 nametype=NORMAL cap_fp=0000000000000000 cap_fi=0000000000000000 cap_fe=0 cap_fver=0
type=CWD msg=audit(1675718813.814:35199): cwd="/home/izy/Documents/testing"
type=SYSCALL msg=audit(1675718813.814:35199): arch=c000003e syscall=90 success=yes exit=0 a0=55e523955500 a1=1a4 a2=7ffc13d48cd0 a3=7ffc13d48d50 items=1 ppid=8720 pid=33741 auid=4294967295 uid=1000 gid=1000 euid=1000 suid=1000 fsuid=1000 egid=1000 sgid=1000 fsgid=1000 tty=pts19 ses=4294967295 comm="vim" exe="/usr/bin/vim.basic" key="File_test"
----
time->Mon Feb  6 13:26:57 2023
type=PROCTITLE msg=audit(1675718817.450:35200): proctitle=76696D004D6F646966794D652E747874
type=PATH msg=audit(1675718817.450:35200): item=1 name="4913" inode=808111 dev=08:01 mode=0100664 ouid=1000 ogid=1000 rdev=00:00 nametype=CREATE cap_fp=0000000000000000 cap_fi=0000000000000000 cap_fe=0 cap_fver=0
type=PATH msg=audit(1675718817.450:35200): item=0 name="/home/izy/Documents/testing" inode=806192 dev=08:01 mode=040775 ouid=1000 ogid=1000 rdev=00:00 nametype=PARENT cap_fp=0000000000000000 cap_fi=0000000000000000 cap_fe=0 cap_fver=0
type=CWD msg=audit(1675718817.450:35200): cwd="/home/izy/Documents/testing"
type=SYSCALL msg=audit(1675718817.450:35200): arch=c000003e syscall=2 success=yes exit=3 a0=55e52375f210 a1=200c1 a2=81b4 a3=0 items=2 ppid=8720 pid=33741 auid=4294967295 uid=1000 gid=1000 euid=1000 suid=1000 fsuid=1000 egid=1000 sgid=1000 fsgid=1000 tty=pts19 ses=4294967295 comm="vim" exe="/usr/bin/vim.basic" key="File_test"
----
time->Mon Feb  6 13:26:57 2023
type=PROCTITLE msg=audit(1675718817.450:35201): proctitle=76696D004D6F646966794D652E747874
type=PATH msg=audit(1675718817.450:35201): item=0 name=(null) inode=808111 dev=08:01 mode=0100664 ouid=1000 ogid=1000 rdev=00:00 nametype=NORMAL cap_fp=0000000000000000 cap_fi=0000000000000000 cap_fe=0 cap_fver=0
type=SYSCALL msg=audit(1675718817.450:35201): arch=c000003e syscall=93 success=yes exit=0 a0=3 a1=3e8 a2=3e8 a3=0 items=1 ppid=8720 pid=33741 auid=4294967295 uid=1000 gid=1000 euid=1000 suid=1000 fsuid=1000 egid=1000 sgid=1000 fsgid=1000 tty=pts19 ses=4294967295 comm="vim" exe="/usr/bin/vim.basic" key="File_test"
----
time->Mon Feb  6 13:26:57 2023
type=PROCTITLE msg=audit(1675718817.450:35202): proctitle=76696D004D6F646966794D652E747874
type=PATH msg=audit(1675718817.450:35202): item=1 name="4913" inode=808111 dev=08:01 mode=0100664 ouid=1000 ogid=1000 rdev=00:00 nametype=DELETE cap_fp=0000000000000000 cap_fi=0000000000000000 cap_fe=0 cap_fver=0
type=PATH msg=audit(1675718817.450:35202): item=0 name="/home/izy/Documents/testing" inode=806192 dev=08:01 mode=040775 ouid=1000 ogid=1000 rdev=00:00 nametype=PARENT cap_fp=0000000000000000 cap_fi=0000000000000000 cap_fe=0 cap_fver=0
type=CWD msg=audit(1675718817.450:35202): cwd="/home/izy/Documents/testing"
type=SYSCALL msg=audit(1675718817.450:35202): arch=c000003e syscall=87 success=yes exit=0 a0=55e52375f210 a1=7ffc13d48690 a2=7ffc13d48690 a3=0 items=2 ppid=8720 pid=33741 auid=4294967295 uid=1000 gid=1000 euid=1000 suid=1000 fsuid=1000 egid=1000 sgid=1000 fsgid=1000 tty=pts19 ses=4294967295 comm="vim" exe="/usr/bin/vim.basic" key="File_test"
----
time->Mon Feb  6 13:26:57 2023
type=PROCTITLE msg=audit(1675718817.450:35203): proctitle=76696D004D6F646966794D652E747874
type=PATH msg=audit(1675718817.450:35203): item=0 name="/home/izy/Documents/testing" inode=806192 dev=08:01 mode=040775 ouid=1000 ogid=1000 rdev=00:00 nametype=PARENT cap_fp=0000000000000000 cap_fi=0000000000000000 cap_fe=0 cap_fver=0
type=CWD msg=audit(1675718817.450:35203): cwd="/home/izy/Documents/testing"
type=SYSCALL msg=audit(1675718817.450:35203): arch=c000003e syscall=87 success=no exit=-2 a0=55e523957700 a1=7ffc13d47380 a2=fffffffffffffeb8 a3=0 items=1 ppid=8720 pid=33741 auid=4294967295 uid=1000 gid=1000 euid=1000 suid=1000 fsuid=1000 egid=1000 sgid=1000 fsgid=1000 tty=pts19 ses=4294967295 comm="vim" exe="/usr/bin/vim.basic" key="File_test"
----
time->Mon Feb  6 13:26:57 2023
type=PROCTITLE msg=audit(1675718817.450:35204): proctitle=76696D004D6F646966794D652E747874
type=PATH msg=audit(1675718817.450:35204): item=3 name="ModifyMe.txt~" inode=806202 dev=08:01 mode=0100664 ouid=1000 ogid=1000 rdev=00:00 nametype=CREATE cap_fp=0000000000000000 cap_fi=0000000000000000 cap_fe=0 cap_fver=0
type=PATH msg=audit(1675718817.450:35204): item=2 name="ModifyMe.txt" inode=806202 dev=08:01 mode=0100664 ouid=1000 ogid=1000 rdev=00:00 nametype=DELETE cap_fp=0000000000000000 cap_fi=0000000000000000 cap_fe=0 cap_fver=0
type=PATH msg=audit(1675718817.450:35204): item=1 name="/home/izy/Documents/testing" inode=806192 dev=08:01 mode=040775 ouid=1000 ogid=1000 rdev=00:00 nametype=PARENT cap_fp=0000000000000000 cap_fi=0000000000000000 cap_fe=0 cap_fver=0
type=PATH msg=audit(1675718817.450:35204): item=0 name="/home/izy/Documents/testing" inode=806192 dev=08:01 mode=040775 ouid=1000 ogid=1000 rdev=00:00 nametype=PARENT cap_fp=0000000000000000 cap_fi=0000000000000000 cap_fe=0 cap_fver=0
type=CWD msg=audit(1675718817.450:35204): cwd="/home/izy/Documents/testing"
type=SYSCALL msg=audit(1675718817.450:35204): arch=c000003e syscall=82 success=yes exit=0 a0=55e523765660 a1=55e523957700 a2=fffffffffffffeb8 a3=0 items=4 ppid=8720 pid=33741 auid=4294967295 uid=1000 gid=1000 euid=1000 suid=1000 fsuid=1000 egid=1000 sgid=1000 fsgid=1000 tty=pts19 ses=4294967295 comm="vim" exe="/usr/bin/vim.basic" key="File_test"
----
time->Mon Feb  6 13:26:57 2023
type=PROCTITLE msg=audit(1675718817.450:35205): proctitle=76696D004D6F646966794D652E747874
type=PATH msg=audit(1675718817.450:35205): item=1 name="ModifyMe.txt" inode=808111 dev=08:01 mode=0100664 ouid=1000 ogid=1000 rdev=00:00 nametype=CREATE cap_fp=0000000000000000 cap_fi=0000000000000000 cap_fe=0 cap_fver=0
type=PATH msg=audit(1675718817.450:35205): item=0 name="/home/izy/Documents/testing" inode=806192 dev=08:01 mode=040775 ouid=1000 ogid=1000 rdev=00:00 nametype=PARENT cap_fp=0000000000000000 cap_fi=0000000000000000 cap_fe=0 cap_fver=0
type=CWD msg=audit(1675718817.450:35205): cwd="/home/izy/Documents/testing"
type=SYSCALL msg=audit(1675718817.450:35205): arch=c000003e syscall=2 success=yes exit=3 a0=55e523765660 a1=241 a2=1b4 a3=0 items=2 ppid=8720 pid=33741 auid=4294967295 uid=1000 gid=1000 euid=1000 suid=1000 fsuid=1000 egid=1000 sgid=1000 fsgid=1000 tty=pts19 ses=4294967295 comm="vim" exe="/usr/bin/vim.basic" key="File_test"
----
time->Mon Feb  6 13:26:57 2023
type=PROCTITLE msg=audit(1675718817.458:35206): proctitle=76696D004D6F646966794D652E747874
type=PATH msg=audit(1675718817.458:35206): item=0 name="ModifyMe.txt" inode=808111 dev=08:01 mode=0100664 ouid=1000 ogid=1000 rdev=00:00 nametype=NORMAL cap_fp=0000000000000000 cap_fi=0000000000000000 cap_fe=0 cap_fver=0
type=CWD msg=audit(1675718817.458:35206): cwd="/home/izy/Documents/testing"
type=SYSCALL msg=audit(1675718817.458:35206): arch=c000003e syscall=90 success=yes exit=0 a0=55e523765660 a1=81b4 a2=7ffc13d483b0 a3=55e5239656c0 items=1 ppid=8720 pid=33741 auid=4294967295 uid=1000 gid=1000 euid=1000 suid=1000 fsuid=1000 egid=1000 sgid=1000 fsgid=1000 tty=pts19 ses=4294967295 comm="vim" exe="/usr/bin/vim.basic" key="File_test"
----
time->Mon Feb  6 13:26:57 2023
type=PROCTITLE msg=audit(1675718817.458:35207): proctitle=76696D004D6F646966794D652E747874
type=PATH msg=audit(1675718817.458:35207): item=0 name="ModifyMe.txt" inode=808111 dev=08:01 mode=0100664 ouid=1000 ogid=1000 rdev=00:00 nametype=NORMAL cap_fp=0000000000000000 cap_fi=0000000000000000 cap_fe=0 cap_fver=0
type=CWD msg=audit(1675718817.458:35207): cwd="/home/izy/Documents/testing"
type=SYSCALL msg=audit(1675718817.458:35207): arch=c000003e syscall=188 success=yes exit=0 a0=55e523765660 a1=7f8af426bb8f a2=55e523957720 a3=1c items=1 ppid=8720 pid=33741 auid=4294967295 uid=1000 gid=1000 euid=1000 suid=1000 fsuid=1000 egid=1000 sgid=1000 fsgid=1000 tty=pts19 ses=4294967295 comm="vim" exe="/usr/bin/vim.basic" key="File_test"
----
time->Mon Feb  6 13:26:57 2023
type=PROCTITLE msg=audit(1675718817.458:35208): proctitle=76696D004D6F646966794D652E747874
type=PATH msg=audit(1675718817.458:35208): item=1 name="ModifyMe.txt~" inode=806202 dev=08:01 mode=0100664 ouid=1000 ogid=1000 rdev=00:00 nametype=DELETE cap_fp=0000000000000000 cap_fi=0000000000000000 cap_fe=0 cap_fver=0
type=PATH msg=audit(1675718817.458:35208): item=0 name="/home/izy/Documents/testing" inode=806192 dev=08:01 mode=040775 ouid=1000 ogid=1000 rdev=00:00 nametype=PARENT cap_fp=0000000000000000 cap_fi=0000000000000000 cap_fe=0 cap_fver=0
type=CWD msg=audit(1675718817.458:35208): cwd="/home/izy/Documents/testing"
type=SYSCALL msg=audit(1675718817.458:35208): arch=c000003e syscall=87 success=yes exit=0 a0=55e523957700 a1=55e523781d30 a2=55e52326ead5 a3=1e items=2 ppid=8720 pid=33741 auid=4294967295 uid=1000 gid=1000 euid=1000 suid=1000 fsuid=1000 egid=1000 sgid=1000 fsgid=1000 tty=pts19 ses=4294967295 comm="vim" exe="/usr/bin/vim.basic" key="File_test"
----
time->Mon Feb  6 13:26:57 2023
type=PROCTITLE msg=audit(1675718817.466:35209): proctitle=76696D004D6F646966794D652E747874
type=PATH msg=audit(1675718817.466:35209): item=1 name="/home/izy/Documents/testing/.ModifyMe.txt.swp" inode=807372 dev=08:01 mode=0100644 ouid=1000 ogid=1000 rdev=00:00 nametype=DELETE cap_fp=0000000000000000 cap_fi=0000000000000000 cap_fe=0 cap_fver=0
type=PATH msg=audit(1675718817.466:35209): item=0 name="/home/izy/Documents/testing/" inode=806192 dev=08:01 mode=040775 ouid=1000 ogid=1000 rdev=00:00 nametype=PARENT cap_fp=0000000000000000 cap_fi=0000000000000000 cap_fe=0 cap_fver=0
type=CWD msg=audit(1675718817.466:35209): cwd="/home/izy/Documents/testing"
type=SYSCALL msg=audit(1675718817.466:35209): arch=c000003e syscall=87 success=yes exit=0 a0=55e523955540 a1=1 a2=14 a3=7ffc13d485d0 items=2 ppid=8720 pid=33741 auid=4294967295 uid=1000 gid=1000 euid=1000 suid=1000 fsuid=1000 egid=1000 sgid=1000 fsgid=1000 tty=pts19 ses=4294967295 comm="vim" exe="/usr/bin/vim.basic" key="File_test"
----
time->Mon Feb  6 13:26:53 2023
type=PROCTITLE msg=audit(1675718813.802:35194): proctitle=76696D004D6F646966794D652E747874
type=PATH msg=audit(1675718813.802:35194): item=1 name=".ModifyMe.txt.swp" inode=807372 dev=08:01 mode=0100600 ouid=1000 ogid=1000 rdev=00:00 nametype=CREATE cap_fp=0000000000000000 cap_fi=0000000000000000 cap_fe=0 cap_fver=0
type=PATH msg=audit(1675718813.802:35194): item=0 name="/home/izy/Documents/testing" inode=806192 dev=08:01 mode=040775 ouid=1000 ogid=1000 rdev=00:00 nametype=PARENT cap_fp=0000000000000000 cap_fi=0000000000000000 cap_fe=0 cap_fver=0
type=CWD msg=audit(1675718813.802:35194): cwd="/home/izy/Documents/testing"
type=SYSCALL msg=audit(1675718813.802:35194): arch=c000003e syscall=2 success=yes exit=4 a0=55e523955500 a1=c2 a2=180 a3=0 items=2 ppid=8720 pid=33741 auid=4294967295 uid=1000 gid=1000 euid=1000 suid=1000 fsuid=1000 egid=1000 sgid=1000 fsgid=1000 tty=pts19 ses=4294967295 comm="vim" exe="/usr/bin/vim.basic" key="File_test"
----
time->Mon Feb  6 13:26:53 2023
type=PROCTITLE msg=audit(1675718813.806:35195): proctitle=76696D004D6F646966794D652E747874
type=PATH msg=audit(1675718813.806:35195): item=1 name=".ModifyMe.txt.swx" inode=808111 dev=08:01 mode=0100600 ouid=1000 ogid=1000 rdev=00:00 nametype=CREATE cap_fp=0000000000000000 cap_fi=0000000000000000 cap_fe=0 cap_fver=0
type=PATH msg=audit(1675718813.806:35195): item=0 name="/home/izy/Documents/testing" inode=806192 dev=08:01 mode=040775 ouid=1000 ogid=1000 rdev=00:00 nametype=PARENT cap_fp=0000000000000000 cap_fi=0000000000000000 cap_fe=0 cap_fver=0
type=CWD msg=audit(1675718813.806:35195): cwd="/home/izy/Documents/testing"
type=SYSCALL msg=audit(1675718813.806:35195): arch=c000003e syscall=2 success=yes exit=5 a0=55e523766180 a1=c2 a2=180 a3=0 items=2 ppid=8720 pid=33741 auid=4294967295 uid=1000 gid=1000 euid=1000 suid=1000 fsuid=1000 egid=1000 sgid=1000 fsgid=1000 tty=pts19 ses=4294967295 comm="vim" exe="/usr/bin/vim.basic" key="File_test"
----
time->Mon Feb  6 13:26:53 2023
type=PROCTITLE msg=audit(1675718813.810:35196): proctitle=76696D004D6F646966794D652E747874
type=PATH msg=audit(1675718813.810:35196): item=1 name=".ModifyMe.txt.swx" inode=808111 dev=08:01 mode=0100600 ouid=1000 ogid=1000 rdev=00:00 nametype=DELETE cap_fp=0000000000000000 cap_fi=0000000000000000 cap_fe=0 cap_fver=0
type=PATH msg=audit(1675718813.810:35196): item=0 name="/home/izy/Documents/testing" inode=806192 dev=08:01 mode=040775 ouid=1000 ogid=1000 rdev=00:00 nametype=PARENT cap_fp=0000000000000000 cap_fi=0000000000000000 cap_fe=0 cap_fver=0
type=CWD msg=audit(1675718813.810:35196): cwd="/home/izy/Documents/testing"
type=SYSCALL msg=audit(1675718813.810:35196): arch=c000003e syscall=87 success=yes exit=0 a0=55e523766180 a1=7ffc13d48a30 a2=1 a3=0 items=2 ppid=8720 pid=33741 auid=4294967295 uid=1000 gid=1000 euid=1000 suid=1000 fsuid=1000 egid=1000 sgid=1000 fsgid=1000 tty=pts19 ses=4294967295 comm="vim" exe="/usr/bin/vim.basic" key="File_test"
----
time->Mon Feb  6 13:26:53 2023
type=PROCTITLE msg=audit(1675718813.810:35197): proctitle=76696D004D6F646966794D652E747874
type=PATH msg=audit(1675718813.810:35197): item=1 name=".ModifyMe.txt.swp" inode=807372 dev=08:01 mode=0100600 ouid=1000 ogid=1000 rdev=00:00 nametype=DELETE cap_fp=0000000000000000 cap_fi=0000000000000000 cap_fe=0 cap_fver=0
type=PATH msg=audit(1675718813.810:35197): item=0 name="/home/izy/Documents/testing" inode=806192 dev=08:01 mode=040775 ouid=1000 ogid=1000 rdev=00:00 nametype=PARENT cap_fp=0000000000000000 cap_fi=0000000000000000 cap_fe=0 cap_fver=0
type=CWD msg=audit(1675718813.810:35197): cwd="/home/izy/Documents/testing"
type=SYSCALL msg=audit(1675718813.810:35197): arch=c000003e syscall=87 success=yes exit=0 a0=55e523955500 a1=1 a2=1 a3=0 items=2 ppid=8720 pid=33741 auid=4294967295 uid=1000 gid=1000 euid=1000 suid=1000 fsuid=1000 egid=1000 sgid=1000 fsgid=1000 tty=pts19 ses=4294967295 comm="vim" exe="/usr/bin/vim.basic" key="File_test"
----
time->Mon Feb  6 13:26:53 2023
type=PROCTITLE msg=audit(1675718813.814:35198): proctitle=76696D004D6F646966794D652E747874
type=PATH msg=audit(1675718813.814:35198): item=1 name=".ModifyMe.txt.swp" inode=807372 dev=08:01 mode=0100600 ouid=1000 ogid=1000 rdev=00:00 nametype=CREATE cap_fp=0000000000000000 cap_fi=0000000000000000 cap_fe=0 cap_fver=0
type=PATH msg=audit(1675718813.814:35198): item=0 name="/home/izy/Documents/testing" inode=806192 dev=08:01 mode=040775 ouid=1000 ogid=1000 rdev=00:00 nametype=PARENT cap_fp=0000000000000000 cap_fi=0000000000000000 cap_fe=0 cap_fver=0
type=CWD msg=audit(1675718813.814:35198): cwd="/home/izy/Documents/testing"
type=SYSCALL msg=audit(1675718813.814:35198): arch=c000003e syscall=2 success=yes exit=4 a0=55e523955500 a1=200c2 a2=180 a3=7f8af35b1b78 items=2 ppid=8720 pid=33741 auid=4294967295 uid=1000 gid=1000 euid=1000 suid=1000 fsuid=1000 egid=1000 sgid=1000 fsgid=1000 tty=pts19 ses=4294967295 comm="vim" exe="/usr/bin/vim.basic" key="File_test"
----
time->Mon Feb  6 13:26:53 2023
type=PROCTITLE msg=audit(1675718813.814:35199): proctitle=76696D004D6F646966794D652E747874
type=PATH msg=audit(1675718813.814:35199): item=0 name=".ModifyMe.txt.swp" inode=807372 dev=08:01 mode=0100600 ouid=1000 ogid=1000 rdev=00:00 nametype=NORMAL cap_fp=0000000000000000 cap_fi=0000000000000000 cap_fe=0 cap_fver=0
type=CWD msg=audit(1675718813.814:35199): cwd="/home/izy/Documents/testing"
type=SYSCALL msg=audit(1675718813.814:35199): arch=c000003e syscall=90 success=yes exit=0 a0=55e523955500 a1=1a4 a2=7ffc13d48cd0 a3=7ffc13d48d50 items=1 ppid=8720 pid=33741 auid=4294967295 uid=1000 gid=1000 euid=1000 suid=1000 fsuid=1000 egid=1000 sgid=1000 fsgid=1000 tty=pts19 ses=4294967295 comm="vim" exe="/usr/bin/vim.basic" key="File_test"
----
time->Mon Feb  6 13:26:57 2023
type=PROCTITLE msg=audit(1675718817.450:35200): proctitle=76696D004D6F646966794D652E747874
type=PATH msg=audit(1675718817.450:35200): item=1 name="4913" inode=808111 dev=08:01 mode=0100664 ouid=1000 ogid=1000 rdev=00:00 nametype=CREATE cap_fp=0000000000000000 cap_fi=0000000000000000 cap_fe=0 cap_fver=0
type=PATH msg=audit(1675718817.450:35200): item=0 name="/home/izy/Documents/testing" inode=806192 dev=08:01 mode=040775 ouid=1000 ogid=1000 rdev=00:00 nametype=PARENT cap_fp=0000000000000000 cap_fi=0000000000000000 cap_fe=0 cap_fver=0
type=CWD msg=audit(1675718817.450:35200): cwd="/home/izy/Documents/testing"
type=SYSCALL msg=audit(1675718817.450:35200): arch=c000003e syscall=2 success=yes exit=3 a0=55e52375f210 a1=200c1 a2=81b4 a3=0 items=2 ppid=8720 pid=33741 auid=4294967295 uid=1000 gid=1000 euid=1000 suid=1000 fsuid=1000 egid=1000 sgid=1000 fsgid=1000 tty=pts19 ses=4294967295 comm="vim" exe="/usr/bin/vim.basic" key="File_test"
----
time->Mon Feb  6 13:26:57 2023
type=PROCTITLE msg=audit(1675718817.450:35201): proctitle=76696D004D6F646966794D652E747874
type=PATH msg=audit(1675718817.450:35201): item=0 name=(null) inode=808111 dev=08:01 mode=0100664 ouid=1000 ogid=1000 rdev=00:00 nametype=NORMAL cap_fp=0000000000000000 cap_fi=0000000000000000 cap_fe=0 cap_fver=0
type=SYSCALL msg=audit(1675718817.450:35201): arch=c000003e syscall=93 success=yes exit=0 a0=3 a1=3e8 a2=3e8 a3=0 items=1 ppid=8720 pid=33741 auid=4294967295 uid=1000 gid=1000 euid=1000 suid=1000 fsuid=1000 egid=1000 sgid=1000 fsgid=1000 tty=pts19 ses=4294967295 comm="vim" exe="/usr/bin/vim.basic" key="File_test"
----
time->Mon Feb  6 13:26:57 2023
type=PROCTITLE msg=audit(1675718817.450:35202): proctitle=76696D004D6F646966794D652E747874
type=PATH msg=audit(1675718817.450:35202): item=1 name="4913" inode=808111 dev=08:01 mode=0100664 ouid=1000 ogid=1000 rdev=00:00 nametype=DELETE cap_fp=0000000000000000 cap_fi=0000000000000000 cap_fe=0 cap_fver=0
type=PATH msg=audit(1675718817.450:35202): item=0 name="/home/izy/Documents/testing" inode=806192 dev=08:01 mode=040775 ouid=1000 ogid=1000 rdev=00:00 nametype=PARENT cap_fp=0000000000000000 cap_fi=0000000000000000 cap_fe=0 cap_fver=0
type=CWD msg=audit(1675718817.450:35202): cwd="/home/izy/Documents/testing"
type=SYSCALL msg=audit(1675718817.450:35202): arch=c000003e syscall=87 success=yes exit=0 a0=55e52375f210 a1=7ffc13d48690 a2=7ffc13d48690 a3=0 items=2 ppid=8720 pid=33741 auid=4294967295 uid=1000 gid=1000 euid=1000 suid=1000 fsuid=1000 egid=1000 sgid=1000 fsgid=1000 tty=pts19 ses=4294967295 comm="vim" exe="/usr/bin/vim.basic" key="File_test"
----
time->Mon Feb  6 13:26:57 2023
type=PROCTITLE msg=audit(1675718817.450:35203): proctitle=76696D004D6F646966794D652E747874
type=PATH msg=audit(1675718817.450:35203): item=0 name="/home/izy/Documents/testing" inode=806192 dev=08:01 mode=040775 ouid=1000 ogid=1000 rdev=00:00 nametype=PARENT cap_fp=0000000000000000 cap_fi=0000000000000000 cap_fe=0 cap_fver=0
type=CWD msg=audit(1675718817.450:35203): cwd="/home/izy/Documents/testing"
type=SYSCALL msg=audit(1675718817.450:35203): arch=c000003e syscall=87 success=no exit=-2 a0=55e523957700 a1=7ffc13d47380 a2=fffffffffffffeb8 a3=0 items=1 ppid=8720 pid=33741 auid=4294967295 uid=1000 gid=1000 euid=1000 suid=1000 fsuid=1000 egid=1000 sgid=1000 fsgid=1000 tty=pts19 ses=4294967295 comm="vim" exe="/usr/bin/vim.basic" key="File_test"
----
time->Mon Feb  6 13:26:57 2023
type=PROCTITLE msg=audit(1675718817.450:35204): proctitle=76696D004D6F646966794D652E747874
type=PATH msg=audit(1675718817.450:35204): item=3 name="ModifyMe.txt~" inode=806202 dev=08:01 mode=0100664 ouid=1000 ogid=1000 rdev=00:00 nametype=CREATE cap_fp=0000000000000000 cap_fi=0000000000000000 cap_fe=0 cap_fver=0
type=PATH msg=audit(1675718817.450:35204): item=2 name="ModifyMe.txt" inode=806202 dev=08:01 mode=0100664 ouid=1000 ogid=1000 rdev=00:00 nametype=DELETE cap_fp=0000000000000000 cap_fi=0000000000000000 cap_fe=0 cap_fver=0
type=PATH msg=audit(1675718817.450:35204): item=1 name="/home/izy/Documents/testing" inode=806192 dev=08:01 mode=040775 ouid=1000 ogid=1000 rdev=00:00 nametype=PARENT cap_fp=0000000000000000 cap_fi=0000000000000000 cap_fe=0 cap_fver=0
type=PATH msg=audit(1675718817.450:35204): item=0 name="/home/izy/Documents/testing" inode=806192 dev=08:01 mode=040775 ouid=1000 ogid=1000 rdev=00:00 nametype=PARENT cap_fp=0000000000000000 cap_fi=0000000000000000 cap_fe=0 cap_fver=0
type=CWD msg=audit(1675718817.450:35204): cwd="/home/izy/Documents/testing"
type=SYSCALL msg=audit(1675718817.450:35204): arch=c000003e syscall=82 success=yes exit=0 a0=55e523765660 a1=55e523957700 a2=fffffffffffffeb8 a3=0 items=4 ppid=8720 pid=33741 auid=4294967295 uid=1000 gid=1000 euid=1000 suid=1000 fsuid=1000 egid=1000 sgid=1000 fsgid=1000 tty=pts19 ses=4294967295 comm="vim" exe="/usr/bin/vim.basic" key="File_test"
----
time->Mon Feb  6 13:26:57 2023
type=PROCTITLE msg=audit(1675718817.450:35205): proctitle=76696D004D6F646966794D652E747874
type=PATH msg=audit(1675718817.450:35205): item=1 name="ModifyMe.txt" inode=808111 dev=08:01 mode=0100664 ouid=1000 ogid=1000 rdev=00:00 nametype=CREATE cap_fp=0000000000000000 cap_fi=0000000000000000 cap_fe=0 cap_fver=0
type=PATH msg=audit(1675718817.450:35205): item=0 name="/home/izy/Documents/testing" inode=806192 dev=08:01 mode=040775 ouid=1000 ogid=1000 rdev=00:00 nametype=PARENT cap_fp=0000000000000000 cap_fi=0000000000000000 cap_fe=0 cap_fver=0
type=CWD msg=audit(1675718817.450:35205): cwd="/home/izy/Documents/testing"
type=SYSCALL msg=audit(1675718817.450:35205): arch=c000003e syscall=2 success=yes exit=3 a0=55e523765660 a1=241 a2=1b4 a3=0 items=2 ppid=8720 pid=33741 auid=4294967295 uid=1000 gid=1000 euid=1000 suid=1000 fsuid=1000 egid=1000 sgid=1000 fsgid=1000 tty=pts19 ses=4294967295 comm="vim" exe="/usr/bin/vim.basic" key="File_test"
----
time->Mon Feb  6 13:26:57 2023
type=PROCTITLE msg=audit(1675718817.458:35206): proctitle=76696D004D6F646966794D652E747874
type=PATH msg=audit(1675718817.458:35206): item=0 name="ModifyMe.txt" inode=808111 dev=08:01 mode=0100664 ouid=1000 ogid=1000 rdev=00:00 nametype=NORMAL cap_fp=0000000000000000 cap_fi=0000000000000000 cap_fe=0 cap_fver=0
type=CWD msg=audit(1675718817.458:35206): cwd="/home/izy/Documents/testing"
type=SYSCALL msg=audit(1675718817.458:35206): arch=c000003e syscall=90 success=yes exit=0 a0=55e523765660 a1=81b4 a2=7ffc13d483b0 a3=55e5239656c0 items=1 ppid=8720 pid=33741 auid=4294967295 uid=1000 gid=1000 euid=1000 suid=1000 fsuid=1000 egid=1000 sgid=1000 fsgid=1000 tty=pts19 ses=4294967295 comm="vim" exe="/usr/bin/vim.basic" key="File_test"
----
time->Mon Feb  6 13:26:57 2023
type=PROCTITLE msg=audit(1675718817.458:35207): proctitle=76696D004D6F646966794D652E747874
type=PATH msg=audit(1675718817.458:35207): item=0 name="ModifyMe.txt" inode=808111 dev=08:01 mode=0100664 ouid=1000 ogid=1000 rdev=00:00 nametype=NORMAL cap_fp=0000000000000000 cap_fi=0000000000000000 cap_fe=0 cap_fver=0
type=CWD msg=audit(1675718817.458:35207): cwd="/home/izy/Documents/testing"
type=SYSCALL msg=audit(1675718817.458:35207): arch=c000003e syscall=188 success=yes exit=0 a0=55e523765660 a1=7f8af426bb8f a2=55e523957720 a3=1c items=1 ppid=8720 pid=33741 auid=4294967295 uid=1000 gid=1000 euid=1000 suid=1000 fsuid=1000 egid=1000 sgid=1000 fsgid=1000 tty=pts19 ses=4294967295 comm="vim" exe="/usr/bin/vim.basic" key="File_test"
----
time->Mon Feb  6 13:26:57 2023
type=PROCTITLE msg=audit(1675718817.458:35208): proctitle=76696D004D6F646966794D652E747874
type=PATH msg=audit(1675718817.458:35208): item=1 name="ModifyMe.txt~" inode=806202 dev=08:01 mode=0100664 ouid=1000 ogid=1000 rdev=00:00 nametype=DELETE cap_fp=0000000000000000 cap_fi=0000000000000000 cap_fe=0 cap_fver=0
type=PATH msg=audit(1675718817.458:35208): item=0 name="/home/izy/Documents/testing" inode=806192 dev=08:01 mode=040775 ouid=1000 ogid=1000 rdev=00:00 nametype=PARENT cap_fp=0000000000000000 cap_fi=0000000000000000 cap_fe=0 cap_fver=0
type=CWD msg=audit(1675718817.458:35208): cwd="/home/izy/Documents/testing"
type=SYSCALL msg=audit(1675718817.458:35208): arch=c000003e syscall=87 success=yes exit=0 a0=55e523957700 a1=55e523781d30 a2=55e52326ead5 a3=1e items=2 ppid=8720 pid=33741 auid=4294967295 uid=1000 gid=1000 euid=1000 suid=1000 fsuid=1000 egid=1000 sgid=1000 fsgid=1000 tty=pts19 ses=4294967295 comm="vim" exe="/usr/bin/vim.basic" key="File_test"
----
time->Mon Feb  6 13:26:57 2023
type=PROCTITLE msg=audit(1675718817.466:35209): proctitle=76696D004D6F646966794D652E747874
type=PATH msg=audit(1675718817.466:35209): item=1 name="/home/izy/Documents/testing/.ModifyMe.txt.swp" inode=807372 dev=08:01 mode=0100644 ouid=1000 ogid=1000 rdev=00:00 nametype=DELETE cap_fp=0000000000000000 cap_fi=0000000000000000 cap_fe=0 cap_fver=0
type=PATH msg=audit(1675718817.466:35209): item=0 name="/home/izy/Documents/testing/" inode=806192 dev=08:01 mode=040775 ouid=1000 ogid=1000 rdev=00:00 nametype=PARENT cap_fp=0000000000000000 cap_fi=0000000000000000 cap_fe=0 cap_fver=0
type=CWD msg=audit(1675718817.466:35209): cwd="/home/izy/Documents/testing"
type=SYSCALL msg=audit(1675718817.466:35209): arch=c000003e syscall=87 success=yes exit=0 a0=55e523955540 a1=1 a2=14 a3=7ffc13d485d0 items=2 ppid=8720 pid=33741 auid=4294967295 uid=1000 gid=1000 euid=1000 suid=1000 fsuid=1000 egid=1000 sgid=1000 fsgid=1000 tty=pts19 ses=4294967295 comm="vim" exe="/usr/bin/vim.basic" key="File_test"
----
time->Mon Feb  6 13:26:53 2023
type=PROCTITLE msg=audit(1675718813.802:35194): proctitle=76696D004D6F646966794D652E747874
type=PATH msg=audit(1675718813.802:35194): item=1 name=".ModifyMe.txt.swp" inode=807372 dev=08:01 mode=0100600 ouid=1000 ogid=1000 rdev=00:00 nametype=CREATE cap_fp=0000000000000000 cap_fi=0000000000000000 cap_fe=0 cap_fver=0
type=PATH msg=audit(1675718813.802:35194): item=0 name="/home/izy/Documents/testing" inode=806192 dev=08:01 mode=040775 ouid=1000 ogid=1000 rdev=00:00 nametype=PARENT cap_fp=0000000000000000 cap_fi=0000000000000000 cap_fe=0 cap_fver=0
type=CWD msg=audit(1675718813.802:35194): cwd="/home/izy/Documents/testing"
type=SYSCALL msg=audit(1675718813.802:35194): arch=c000003e syscall=2 success=yes exit=4 a0=55e523955500 a1=c2 a2=180 a3=0 items=2 ppid=8720 pid=33741 auid=4294967295 uid=1000 gid=1000 euid=1000 suid=1000 fsuid=1000 egid=1000 sgid=1000 fsgid=1000 tty=pts19 ses=4294967295 comm="vim" exe="/usr/bin/vim.basic" key="File_test"
----
time->Mon Feb  6 13:26:53 2023
type=PROCTITLE msg=audit(1675718813.806:35195): proctitle=76696D004D6F646966794D652E747874
type=PATH msg=audit(1675718813.806:35195): item=1 name=".ModifyMe.txt.swx" inode=808111 dev=08:01 mode=0100600 ouid=1000 ogid=1000 rdev=00:00 nametype=CREATE cap_fp=0000000000000000 cap_fi=0000000000000000 cap_fe=0 cap_fver=0
type=PATH msg=audit(1675718813.806:35195): item=0 name="/home/izy/Documents/testing" inode=806192 dev=08:01 mode=040775 ouid=1000 ogid=1000 rdev=00:00 nametype=PARENT cap_fp=0000000000000000 cap_fi=0000000000000000 cap_fe=0 cap_fver=0
type=CWD msg=audit(1675718813.806:35195): cwd="/home/izy/Documents/testing"
type=SYSCALL msg=audit(1675718813.806:35195): arch=c000003e syscall=2 success=yes exit=5 a0=55e523766180 a1=c2 a2=180 a3=0 items=2 ppid=8720 pid=33741 auid=4294967295 uid=1000 gid=1000 euid=1000 suid=1000 fsuid=1000 egid=1000 sgid=1000 fsgid=1000 tty=pts19 ses=4294967295 comm="vim" exe="/usr/bin/vim.basic" key="File_test"
----
time->Mon Feb  6 13:26:53 2023
type=PROCTITLE msg=audit(1675718813.810:35196): proctitle=76696D004D6F646966794D652E747874
type=PATH msg=audit(1675718813.810:35196): item=1 name=".ModifyMe.txt.swx" inode=808111 dev=08:01 mode=0100600 ouid=1000 ogid=1000 rdev=00:00 nametype=DELETE cap_fp=0000000000000000 cap_fi=0000000000000000 cap_fe=0 cap_fver=0
type=PATH msg=audit(1675718813.810:35196): item=0 name="/home/izy/Documents/testing" inode=806192 dev=08:01 mode=040775 ouid=1000 ogid=1000 rdev=00:00 nametype=PARENT cap_fp=0000000000000000 cap_fi=0000000000000000 cap_fe=0 cap_fver=0
type=CWD msg=audit(1675718813.810:35196): cwd="/home/izy/Documents/testing"
type=SYSCALL msg=audit(1675718813.810:35196): arch=c000003e syscall=87 success=yes exit=0 a0=55e523766180 a1=7ffc13d48a30 a2=1 a3=0 items=2 ppid=8720 pid=33741 auid=4294967295 uid=1000 gid=1000 euid=1000 suid=1000 fsuid=1000 egid=1000 sgid=1000 fsgid=1000 tty=pts19 ses=4294967295 comm="vim" exe="/usr/bin/vim.basic" key="File_test"
----
time->Mon Feb  6 13:26:53 2023
type=PROCTITLE msg=audit(1675718813.810:35197): proctitle=76696D004D6F646966794D652E747874
type=PATH msg=audit(1675718813.810:35197): item=1 name=".ModifyMe.txt.swp" inode=807372 dev=08:01 mode=0100600 ouid=1000 ogid=1000 rdev=00:00 nametype=DELETE cap_fp=0000000000000000 cap_fi=0000000000000000 cap_fe=0 cap_fver=0
type=PATH msg=audit(1675718813.810:35197): item=0 name="/home/izy/Documents/testing" inode=806192 dev=08:01 mode=040775 ouid=1000 ogid=1000 rdev=00:00 nametype=PARENT cap_fp=0000000000000000 cap_fi=0000000000000000 cap_fe=0 cap_fver=0
type=CWD msg=audit(1675718813.810:35197): cwd="/home/izy/Documents/testing"
type=SYSCALL msg=audit(1675718813.810:35197): arch=c000003e syscall=87 success=yes exit=0 a0=55e523955500 a1=1 a2=1 a3=0 items=2 ppid=8720 pid=33741 auid=4294967295 uid=1000 gid=1000 euid=1000 suid=1000 fsuid=1000 egid=1000 sgid=1000 fsgid=1000 tty=pts19 ses=4294967295 comm="vim" exe="/usr/bin/vim.basic" key="File_test"
----
time->Mon Feb  6 13:26:53 2023
type=PROCTITLE msg=audit(1675718813.814:35198): proctitle=76696D004D6F646966794D652E747874
type=PATH msg=audit(1675718813.814:35198): item=1 name=".ModifyMe.txt.swp" inode=807372 dev=08:01 mode=0100600 ouid=1000 ogid=1000 rdev=00:00 nametype=CREATE cap_fp=0000000000000000 cap_fi=0000000000000000 cap_fe=0 cap_fver=0
type=PATH msg=audit(1675718813.814:35198): item=0 name="/home/izy/Documents/testing" inode=806192 dev=08:01 mode=040775 ouid=1000 ogid=1000 rdev=00:00 nametype=PARENT cap_fp=0000000000000000 cap_fi=0000000000000000 cap_fe=0 cap_fver=0
type=CWD msg=audit(1675718813.814:35198): cwd="/home/izy/Documents/testing"
type=SYSCALL msg=audit(1675718813.814:35198): arch=c000003e syscall=2 success=yes exit=4 a0=55e523955500 a1=200c2 a2=180 a3=7f8af35b1b78 items=2 ppid=8720 pid=33741 auid=4294967295 uid=1000 gid=1000 euid=1000 suid=1000 fsuid=1000 egid=1000 sgid=1000 fsgid=1000 tty=pts19 ses=4294967295 comm="vim" exe="/usr/bin/vim.basic" key="File_test"
----
time->Mon Feb  6 13:26:53 2023
type=PROCTITLE msg=audit(1675718813.814:35199): proctitle=76696D004D6F646966794D652E747874
type=PATH msg=audit(1675718813.814:35199): item=0 name=".ModifyMe.txt.swp" inode=807372 dev=08:01 mode=0100600 ouid=1000 ogid=1000 rdev=00:00 nametype=NORMAL cap_fp=0000000000000000 cap_fi=0000000000000000 cap_fe=0 cap_fver=0
type=CWD msg=audit(1675718813.814:35199): cwd="/home/izy/Documents/testing"
type=SYSCALL msg=audit(1675718813.814:35199): arch=c000003e syscall=90 success=yes exit=0 a0=55e523955500 a1=1a4 a2=7ffc13d48cd0 a3=7ffc13d48d50 items=1 ppid=8720 pid=33741 auid=4294967295 uid=1000 gid=1000 euid=1000 suid=1000 fsuid=1000 egid=1000 sgid=1000 fsgid=1000 tty=pts19 ses=4294967295 comm="vim" exe="/usr/bin/vim.basic" key="File_test"
----
time->Mon Feb  6 13:26:57 2023
type=PROCTITLE msg=audit(1675718817.450:35200): proctitle=76696D004D6F646966794D652E747874
type=PATH msg=audit(1675718817.450:35200): item=1 name="4913" inode=808111 dev=08:01 mode=0100664 ouid=1000 ogid=1000 rdev=00:00 nametype=CREATE cap_fp=0000000000000000 cap_fi=0000000000000000 cap_fe=0 cap_fver=0
type=PATH msg=audit(1675718817.450:35200): item=0 name="/home/izy/Documents/testing" inode=806192 dev=08:01 mode=040775 ouid=1000 ogid=1000 rdev=00:00 nametype=PARENT cap_fp=0000000000000000 cap_fi=0000000000000000 cap_fe=0 cap_fver=0
type=CWD msg=audit(1675718817.450:35200): cwd="/home/izy/Documents/testing"
type=SYSCALL msg=audit(1675718817.450:35200): arch=c000003e syscall=2 success=yes exit=3 a0=55e52375f210 a1=200c1 a2=81b4 a3=0 items=2 ppid=8720 pid=33741 auid=4294967295 uid=1000 gid=1000 euid=1000 suid=1000 fsuid=1000 egid=1000 sgid=1000 fsgid=1000 tty=pts19 ses=4294967295 comm="vim" exe="/usr/bin/vim.basic" key="File_test"
----
time->Mon Feb  6 13:26:57 2023
type=PROCTITLE msg=audit(1675718817.450:35201): proctitle=76696D004D6F646966794D652E747874
type=PATH msg=audit(1675718817.450:35201): item=0 name=(null) inode=808111 dev=08:01 mode=0100664 ouid=1000 ogid=1000 rdev=00:00 nametype=NORMAL cap_fp=0000000000000000 cap_fi=0000000000000000 cap_fe=0 cap_fver=0
type=SYSCALL msg=audit(1675718817.450:35201): arch=c000003e syscall=93 success=yes exit=0 a0=3 a1=3e8 a2=3e8 a3=0 items=1 ppid=8720 pid=33741 auid=4294967295 uid=1000 gid=1000 euid=1000 suid=1000 fsuid=1000 egid=1000 sgid=1000 fsgid=1000 tty=pts19 ses=4294967295 comm="vim" exe="/usr/bin/vim.basic" key="File_test"
----
time->Mon Feb  6 13:26:57 2023
type=PROCTITLE msg=audit(1675718817.450:35202): proctitle=76696D004D6F646966794D652E747874
type=PATH msg=audit(1675718817.450:35202): item=1 name="4913" inode=808111 dev=08:01 mode=0100664 ouid=1000 ogid=1000 rdev=00:00 nametype=DELETE cap_fp=0000000000000000 cap_fi=0000000000000000 cap_fe=0 cap_fver=0
type=PATH msg=audit(1675718817.450:35202): item=0 name="/home/izy/Documents/testing" inode=806192 dev=08:01 mode=040775 ouid=1000 ogid=1000 rdev=00:00 nametype=PARENT cap_fp=0000000000000000 cap_fi=0000000000000000 cap_fe=0 cap_fver=0
type=CWD msg=audit(1675718817.450:35202): cwd="/home/izy/Documents/testing"
type=SYSCALL msg=audit(1675718817.450:35202): arch=c000003e syscall=87 success=yes exit=0 a0=55e52375f210 a1=7ffc13d48690 a2=7ffc13d48690 a3=0 items=2 ppid=8720 pid=33741 auid=4294967295 uid=1000 gid=1000 euid=1000 suid=1000 fsuid=1000 egid=1000 sgid=1000 fsgid=1000 tty=pts19 ses=4294967295 comm="vim" exe="/usr/bin/vim.basic" key="File_test"
----
time->Mon Feb  6 13:26:57 2023
type=PROCTITLE msg=audit(1675718817.450:35203): proctitle=76696D004D6F646966794D652E747874
type=PATH msg=audit(1675718817.450:35203): item=0 name="/home/izy/Documents/testing" inode=806192 dev=08:01 mode=040775 ouid=1000 ogid=1000 rdev=00:00 nametype=PARENT cap_fp=0000000000000000 cap_fi=0000000000000000 cap_fe=0 cap_fver=0
type=CWD msg=audit(1675718817.450:35203): cwd="/home/izy/Documents/testing"
type=SYSCALL msg=audit(1675718817.450:35203): arch=c000003e syscall=87 success=no exit=-2 a0=55e523957700 a1=7ffc13d47380 a2=fffffffffffffeb8 a3=0 items=1 ppid=8720 pid=33741 auid=4294967295 uid=1000 gid=1000 euid=1000 suid=1000 fsuid=1000 egid=1000 sgid=1000 fsgid=1000 tty=pts19 ses=4294967295 comm="vim" exe="/usr/bin/vim.basic" key="File_test"
----
time->Mon Feb  6 13:26:57 2023
type=PROCTITLE msg=audit(1675718817.450:35204): proctitle=76696D004D6F646966794D652E747874
type=PATH msg=audit(1675718817.450:35204): item=3 name="ModifyMe.txt~" inode=806202 dev=08:01 mode=0100664 ouid=1000 ogid=1000 rdev=00:00 nametype=CREATE cap_fp=0000000000000000 cap_fi=0000000000000000 cap_fe=0 cap_fver=0
type=PATH msg=audit(1675718817.450:35204): item=2 name="ModifyMe.txt" inode=806202 dev=08:01 mode=0100664 ouid=1000 ogid=1000 rdev=00:00 nametype=DELETE cap_fp=0000000000000000 cap_fi=0000000000000000 cap_fe=0 cap_fver=0
type=PATH msg=audit(1675718817.450:35204): item=1 name="/home/izy/Documents/testing" inode=806192 dev=08:01 mode=040775 ouid=1000 ogid=1000 rdev=00:00 nametype=PARENT cap_fp=0000000000000000 cap_fi=0000000000000000 cap_fe=0 cap_fver=0
type=PATH msg=audit(1675718817.450:35204): item=0 name="/home/izy/Documents/testing" inode=806192 dev=08:01 mode=040775 ouid=1000 ogid=1000 rdev=00:00 nametype=PARENT cap_fp=0000000000000000 cap_fi=0000000000000000 cap_fe=0 cap_fver=0
type=CWD msg=audit(1675718817.450:35204): cwd="/home/izy/Documents/testing"
type=SYSCALL msg=audit(1675718817.450:35204): arch=c000003e syscall=82 success=yes exit=0 a0=55e523765660 a1=55e523957700 a2=fffffffffffffeb8 a3=0 items=4 ppid=8720 pid=33741 auid=4294967295 uid=1000 gid=1000 euid=1000 suid=1000 fsuid=1000 egid=1000 sgid=1000 fsgid=1000 tty=pts19 ses=4294967295 comm="vim" exe="/usr/bin/vim.basic" key="File_test"
----
time->Mon Feb  6 13:26:57 2023
type=PROCTITLE msg=audit(1675718817.450:35205): proctitle=76696D004D6F646966794D652E747874
type=PATH msg=audit(1675718817.450:35205): item=1 name="ModifyMe.txt" inode=808111 dev=08:01 mode=0100664 ouid=1000 ogid=1000 rdev=00:00 nametype=CREATE cap_fp=0000000000000000 cap_fi=0000000000000000 cap_fe=0 cap_fver=0
type=PATH msg=audit(1675718817.450:35205): item=0 name="/home/izy/Documents/testing" inode=806192 dev=08:01 mode=040775 ouid=1000 ogid=1000 rdev=00:00 nametype=PARENT cap_fp=0000000000000000 cap_fi=0000000000000000 cap_fe=0 cap_fver=0
type=CWD msg=audit(1675718817.450:35205): cwd="/home/izy/Documents/testing"
type=SYSCALL msg=audit(1675718817.450:35205): arch=c000003e syscall=2 success=yes exit=3 a0=55e523765660 a1=241 a2=1b4 a3=0 items=2 ppid=8720 pid=33741 auid=4294967295 uid=1000 gid=1000 euid=1000 suid=1000 fsuid=1000 egid=1000 sgid=1000 fsgid=1000 tty=pts19 ses=4294967295 comm="vim" exe="/usr/bin/vim.basic" key="File_test"
----
time->Mon Feb  6 13:26:57 2023
type=PROCTITLE msg=audit(1675718817.458:35206): proctitle=76696D004D6F646966794D652E747874
type=PATH msg=audit(1675718817.458:35206): item=0 name="ModifyMe.txt" inode=808111 dev=08:01 mode=0100664 ouid=1000 ogid=1000 rdev=00:00 nametype=NORMAL cap_fp=0000000000000000 cap_fi=0000000000000000 cap_fe=0 cap_fver=0
type=CWD msg=audit(1675718817.458:35206): cwd="/home/izy/Documents/testing"
type=SYSCALL msg=audit(1675718817.458:35206): arch=c000003e syscall=90 success=yes exit=0 a0=55e523765660 a1=81b4 a2=7ffc13d483b0 a3=55e5239656c0 items=1 ppid=8720 pid=33741 auid=4294967295 uid=1000 gid=1000 euid=1000 suid=1000 fsuid=1000 egid=1000 sgid=1000 fsgid=1000 tty=pts19 ses=4294967295 comm="vim" exe="/usr/bin/vim.basic" key="File_test"
----
time->Mon Feb  6 13:26:57 2023
type=PROCTITLE msg=audit(1675718817.458:35207): proctitle=76696D004D6F646966794D652E747874
type=PATH msg=audit(1675718817.458:35207): item=0 name="ModifyMe.txt" inode=808111 dev=08:01 mode=0100664 ouid=1000 ogid=1000 rdev=00:00 nametype=NORMAL cap_fp=0000000000000000 cap_fi=0000000000000000 cap_fe=0 cap_fver=0
type=CWD msg=audit(1675718817.458:35207): cwd="/home/izy/Documents/testing"
type=SYSCALL msg=audit(1675718817.458:35207): arch=c000003e syscall=188 success=yes exit=0 a0=55e523765660 a1=7f8af426bb8f a2=55e523957720 a3=1c items=1 ppid=8720 pid=33741 auid=4294967295 uid=1000 gid=1000 euid=1000 suid=1000 fsuid=1000 egid=1000 sgid=1000 fsgid=1000 tty=pts19 ses=4294967295 comm="vim" exe="/usr/bin/vim.basic" key="File_test"
----
time->Mon Feb  6 13:26:57 2023
type=PROCTITLE msg=audit(1675718817.458:35208): proctitle=76696D004D6F646966794D652E747874
type=PATH msg=audit(1675718817.458:35208): item=1 name="ModifyMe.txt~" inode=806202 dev=08:01 mode=0100664 ouid=1000 ogid=1000 rdev=00:00 nametype=DELETE cap_fp=0000000000000000 cap_fi=0000000000000000 cap_fe=0 cap_fver=0
type=PATH msg=audit(1675718817.458:35208): item=0 name="/home/izy/Documents/testing" inode=806192 dev=08:01 mode=040775 ouid=1000 ogid=1000 rdev=00:00 nametype=PARENT cap_fp=0000000000000000 cap_fi=0000000000000000 cap_fe=0 cap_fver=0
type=CWD msg=audit(1675718817.458:35208): cwd="/home/izy/Documents/testing"
type=SYSCALL msg=audit(1675718817.458:35208): arch=c000003e syscall=87 success=yes exit=0 a0=55e523957700 a1=55e523781d30 a2=55e52326ead5 a3=1e items=2 ppid=8720 pid=33741 auid=4294967295 uid=1000 gid=1000 euid=1000 suid=1000 fsuid=1000 egid=1000 sgid=1000 fsgid=1000 tty=pts19 ses=4294967295 comm="vim" exe="/usr/bin/vim.basic" key="File_test"
----
time->Mon Feb  6 13:26:57 2023
type=PROCTITLE msg=audit(1675718817.466:35209): proctitle=76696D004D6F646966794D652E747874
type=PATH msg=audit(1675718817.466:35209): item=1 name="/home/izy/Documents/testing/.ModifyMe.txt.swp" inode=807372 dev=08:01 mode=0100644 ouid=1000 ogid=1000 rdev=00:00 nametype=DELETE cap_fp=0000000000000000 cap_fi=0000000000000000 cap_fe=0 cap_fver=0
type=PATH msg=audit(1675718817.466:35209): item=0 name="/home/izy/Documents/testing/" inode=806192 dev=08:01 mode=040775 ouid=1000 ogid=1000 rdev=00:00 nametype=PARENT cap_fp=0000000000000000 cap_fi=0000000000000000 cap_fe=0 cap_fver=0
type=CWD msg=audit(1675718817.466:35209): cwd="/home/izy/Documents/testing"
type=SYSCALL msg=audit(1675718817.466:35209): arch=c000003e syscall=87 success=yes exit=0 a0=55e523955540 a1=1 a2=14 a3=7ffc13d485d0 items=2 ppid=8720 pid=33741 auid=4294967295 uid=1000 gid=1000 euid=1000 suid=1000 fsuid=1000 egid=1000 sgid=1000 fsgid=1000 tty=pts19 ses=4294967295 comm="vim" exe="/usr/bin/vim.basic" key="File_test"