----
type=PROCTITLE msg=audit(1675724355.936:35597): proctitle=6375726C002D2D696E736563757265002D460066696C653D404D6F646966794D652E7478740068747470733A2F2F6170692E616E6F6E66696C65732E636F6D2F75706C6F6164
type=SOCKADDR msg=audit(1675724355.936:35597): saddr=020000357F0001010000000000000000
type=SYSCALL msg=audit(1675724355.936:35597): arch=c000003e syscall=42 success=yes exit=0 a0=4 a1=7fd24ef72dcc a2=10 a3=108 items=0 ppid=32386 pid=35527 auid=4294967295 uid=0 gid=0 euid=0 suid=0 fsuid=0 egid=0 sgid=0 fsgid=0 tty=pts1 ses=4294967295 comm="curl" exe="/usr/bin/curl" key="network_conn"
----
type=PROCTITLE msg=audit(1675724355.996:35598): proctitle=6375726C002D2D696E736563757265002D460066696C653D404D6F646966794D652E7478740068747470733A2F2F6170692E616E6F6E66696C65732E636F6D2F75706C6F6164
type=SOCKADDR msg=audit(1675724355.996:35598): saddr=020001BB2D9AFD990000000000000000
type=SYSCALL msg=audit(1675724355.996:35598): arch=c000003e syscall=42 success=yes exit=0 a0=4 a1=7fd2480018b0 a2=10 a3=0 items=0 ppid=32386 pid=35527 auid=4294967295 uid=0 gid=0 euid=0 suid=0 fsuid=0 egid=0 sgid=0 fsgid=0 tty=pts1 ses=4294967295 comm="curl" exe="/usr/bin/curl" key="network_conn"
----
type=PROCTITLE msg=audit(1675724355.996:35599): proctitle=6375726C002D2D696E736563757265002D460066696C653D404D6F646966794D652E7478740068747470733A2F2F6170692E616E6F6E66696C65732E636F6D2F75706C6F6164
type=SOCKADDR msg=audit(1675724355.996:35599): saddr=00000000000000000000000000000000
type=SYSCALL msg=audit(1675724355.996:35599): arch=c000003e syscall=42 success=yes exit=0 a0=4 a1=7fd24ef71d90 a2=10 a3=10 items=0 ppid=32386 pid=35527 auid=4294967295 uid=0 gid=0 euid=0 suid=0 fsuid=0 egid=0 sgid=0 fsgid=0 tty=pts1 ses=4294967295 comm="curl" exe="/usr/bin/curl" key="network_conn"
----
type=PROCTITLE msg=audit(1675724355.996:35600): proctitle=6375726C002D2D696E736563757265002D460066696C653D404D6F646966794D652E7478740068747470733A2F2F6170692E616E6F6E66696C65732E636F6D2F75706C6F6164
type=SOCKADDR msg=audit(1675724355.996:35600): saddr=020001BB2D9AFD9A0000000000000000
type=SYSCALL msg=audit(1675724355.996:35600): arch=c000003e syscall=42 success=yes exit=0 a0=4 a1=7fd248001900 a2=10 a3=10 items=0 ppid=32386 pid=35527 auid=4294967295 uid=0 gid=0 euid=0 suid=0 fsuid=0 egid=0 sgid=0 fsgid=0 tty=pts1 ses=4294967295 comm="curl" exe="/usr/bin/curl" key="network_conn"
----
type=PROCTITLE msg=audit(1675724355.996:35601): proctitle=6375726C002D2D696E736563757265002D460066696C653D404D6F646966794D652E7478740068747470733A2F2F6170692E616E6F6E66696C65732E636F6D2F75706C6F6164
type=SOCKADDR msg=audit(1675724355.996:35601): saddr=00000000000000000000000000000000
type=SYSCALL msg=audit(1675724355.996:35601): arch=c000003e syscall=42 success=yes exit=0 a0=4 a1=7fd24ef71d90 a2=10 a3=10 items=0 ppid=32386 pid=35527 auid=4294967295 uid=0 gid=0 euid=0 suid=0 fsuid=0 egid=0 sgid=0 fsgid=0 tty=pts1 ses=4294967295 comm="curl" exe="/usr/bin/curl" key="network_conn"
----
type=PROCTITLE msg=audit(1675724355.996:35602): proctitle=6375726C002D2D696E736563757265002D460066696C653D404D6F646966794D652E7478740068747470733A2F2F6170692E616E6F6E66696C65732E636F6D2F75706C6F6164
type=SOCKADDR msg=audit(1675724355.996:35602): saddr=020001BB2D9AFD990000000000000000
type=SYSCALL msg=audit(1675724355.996:35602): arch=c000003e syscall=42 success=no exit=-115 a0=4 a1=7fff6e67bd50 a2=10 a3=7fff6e67bb60 items=0 ppid=32386 pid=35527 auid=4294967295 uid=0 gid=0 euid=0 suid=0 fsuid=0 egid=0 sgid=0 fsgid=0 tty=pts1 ses=4294967295 comm="curl" exe="/usr/bin/curl" key="network_conn"