type=PROCTITLE msg=audit(02/06/2023 14:59:15.936:35597) : proctitle=curl --insecure -F file=@ModifyMe.txt https://api.anonfiles.com/upload 
type=SOCKADDR msg=audit(02/06/2023 14:59:15.936:35597) : saddr=inet host:127.0.1.1 serv:53 
type=SYSCALL msg=audit(02/06/2023 14:59:15.936:35597) : arch=x86_64 syscall=connect success=yes exit=0 a0=0x4 a1=0x7fd24ef72dcc a2=0x10 a3=0x108 items=0 ppid=32386 pid=35527 auid=unset uid=root gid=root euid=root suid=root fsuid=root egid=root sgid=root fsgid=root tty=pts1 ses=unset comm=curl exe=/usr/bin/curl key=network_conn 
----
type=PROCTITLE msg=audit(02/06/2023 14:59:15.996:35598) : proctitle=curl --insecure -F file=@ModifyMe.txt https://api.anonfiles.com/upload 
type=SOCKADDR msg=audit(02/06/2023 14:59:15.996:35598) : saddr=inet host:45.154.253.153 serv:443 
type=SYSCALL msg=audit(02/06/2023 14:59:15.996:35598) : arch=x86_64 syscall=connect success=yes exit=0 a0=0x4 a1=0x7fd2480018b0 a2=0x10 a3=0x0 items=0 ppid=32386 pid=35527 auid=unset uid=root gid=root euid=root suid=root fsuid=root egid=root sgid=root fsgid=root tty=pts1 ses=unset comm=curl exe=/usr/bin/curl key=network_conn 
----
type=PROCTITLE msg=audit(02/06/2023 14:59:15.996:35599) : proctitle=curl --insecure -F file=@ModifyMe.txt https://api.anonfiles.com/upload 
type=SOCKADDR msg=audit(02/06/2023 14:59:15.996:35599) : saddr=unknown family(0) 
type=SYSCALL msg=audit(02/06/2023 14:59:15.996:35599) : arch=x86_64 syscall=connect success=yes exit=0 a0=0x4 a1=0x7fd24ef71d90 a2=0x10 a3=0x10 items=0 ppid=32386 pid=35527 auid=unset uid=root gid=root euid=root suid=root fsuid=root egid=root sgid=root fsgid=root tty=pts1 ses=unset comm=curl exe=/usr/bin/curl key=network_conn 
----
type=PROCTITLE msg=audit(02/06/2023 14:59:15.996:35600) : proctitle=curl --insecure -F file=@ModifyMe.txt https://api.anonfiles.com/upload 
type=SOCKADDR msg=audit(02/06/2023 14:59:15.996:35600) : saddr=inet host:45.154.253.154 serv:443 
type=SYSCALL msg=audit(02/06/2023 14:59:15.996:35600) : arch=x86_64 syscall=connect success=yes exit=0 a0=0x4 a1=0x7fd248001900 a2=0x10 a3=0x10 items=0 ppid=32386 pid=35527 auid=unset uid=root gid=root euid=root suid=root fsuid=root egid=root sgid=root fsgid=root tty=pts1 ses=unset comm=curl exe=/usr/bin/curl key=network_conn 
----
type=PROCTITLE msg=audit(02/06/2023 14:59:15.996:35601) : proctitle=curl --insecure -F file=@ModifyMe.txt https://api.anonfiles.com/upload 
type=SOCKADDR msg=audit(02/06/2023 14:59:15.996:35601) : saddr=unknown family(0) 
type=SYSCALL msg=audit(02/06/2023 14:59:15.996:35601) : arch=x86_64 syscall=connect success=yes exit=0 a0=0x4 a1=0x7fd24ef71d90 a2=0x10 a3=0x10 items=0 ppid=32386 pid=35527 auid=unset uid=root gid=root euid=root suid=root fsuid=root egid=root sgid=root fsgid=root tty=pts1 ses=unset comm=curl exe=/usr/bin/curl key=network_conn 
----
type=PROCTITLE msg=audit(02/06/2023 14:59:15.996:35602) : proctitle=curl --insecure -F file=@ModifyMe.txt https://api.anonfiles.com/upload 
type=SOCKADDR msg=audit(02/06/2023 14:59:15.996:35602) : saddr=inet host:45.154.253.153 serv:443 
type=SYSCALL msg=audit(02/06/2023 14:59:15.996:35602) : arch=x86_64 syscall=connect success=no exit=-115(Operation now in progress) a0=0x4 a1=0x7fff6e67bd50 a2=0x10 a3=0x7fff6e67bb60 items=0 ppid=32386 pid=35527 auid=unset uid=root gid=root euid=root suid=root fsuid=root egid=root sgid=root fsgid=root tty=pts1 ses=unset comm=curl exe=/usr/bin/curl key=network_conn 




